<?xml version="1.0" encoding="UTF-8"?>
<testng-results ignored="0" total="1" passed="1" failed="0" skipped="0">
  <reporter-output>
  </reporter-output>
  <suite started-at="2024-04-03T14:10:33 IST" name="Default suite" finished-at="2024-04-03T14:10:35 IST" duration-ms="2905">
    <groups>
    </groups>
    <test started-at="2024-04-03T14:10:33 IST" name="Default test" finished-at="2024-04-03T14:10:35 IST" duration-ms="2905">
      <class name="Com.Test.AddUserTest">
        <test-method is-config="true" signature="OpenBrowser()[pri:0, instance:Com.Test.AddUserTest@7ec7ffd3]" started-at="2024-04-03T14:10:33 IST" name="OpenBrowser" finished-at="2024-04-03T14:10:35 IST" duration-ms="2695" status="PASS">
          <reporter-output>
          </reporter-output>
        </test-method> <!-- OpenBrowser -->
        <test-method signature="verifyAdduser()[pri:0, instance:Com.Test.AddUserTest@7ec7ffd3]" started-at="2024-04-03T14:10:35 IST" name="verifyAdduser" finished-at="2024-04-03T14:10:35 IST" duration-ms="184" status="PASS">
          <reporter-output>
          </reporter-output>
        </test-method> <!-- verifyAdduser -->
      </class> <!-- Com.Test.AddUserTest -->
    </test> <!-- Default test -->
  </suite> <!-- Default suite -->
</testng-results>
